SERVICES variable is ignored if EAGER_SERVICE_LOADING=0.
2024-05-17T15:35:03.103 DEBUG --- [  MainThread] stevedore.extension        : found extension EntryPoint(name='patch_get_account_id', value='localstack.aws.accounts:patch_get_account_id', group='localstack.hooks.on_infra_start')
2024-05-17T15:35:03.103 DEBUG --- [  MainThread] stevedore.extension        : found extension EntryPoint(name='register_partition_adjusting_proxy_listener', value='localstack.plugins:register_partition_adjusting_proxy_listener', group='localstack.hooks.on_infra_start')
2024-05-17T15:35:03.103 DEBUG --- [  MainThread] stevedore.extension        : found extension EntryPoint(name='add_aws_request_logger', value='localstack_ext.analytics.plugins:add_aws_request_logger', group='localstack.hooks.on_infra_start')
2024-05-17T15:35:03.104 DEBUG --- [  MainThread] stevedore.extension        : found extension EntryPoint(name='add_custom_edge_routes', value='localstack_ext.plugins:add_custom_edge_routes', group='localstack.hooks.on_infra_start')
2024-05-17T15:35:03.105 DEBUG --- [  MainThread] stevedore.extension        : found extension EntryPoint(name='add_iam_enforcement_listener', value='localstack_ext.services.iam.plugins:add_iam_enforcement_listener', group='localstack.hooks.on_infra_start')
2024-05-17T15:35:03.106 DEBUG --- [  MainThread] stevedore.extension        : found extension EntryPoint(name='add_legacy_iam_enforcement_listener', value='localstack_ext.services.iam.plugins:add_legacy_iam_enforcement_listener', group='localstack.hooks.on_infra_start')
2024-05-17T15:35:03.106 DEBUG --- [  MainThread] stevedore.extension        : found extension EntryPoint(name='extensions_on_infra_start', value='localstack_ext.extensions.plugins:extensions_on_infra_start', group='localstack.hooks.on_infra_start')
2024-05-17T15:35:03.106 DEBUG --- [  MainThread] stevedore.extension        : found extension EntryPoint(name='patch_account_id_resolver', value='localstack_ext.plugins:patch_account_id_resolver', group='localstack.hooks.on_infra_start')
2024-05-17T15:35:03.107 DEBUG --- [  MainThread] stevedore.extension        : found extension EntryPoint(name='patch_get_account_id_from_access_key_id', value='localstack_ext.plugins:patch_get_account_id_from_access_key_id', group='localstack.hooks.on_infra_start')
2024-05-17T15:35:03.107 DEBUG --- [  MainThread] stevedore.extension        : found extension EntryPoint(name='patch_moto_backend_dict', value='localstack_ext.plugins:patch_moto_backend_dict', group='localstack.hooks.on_infra_start')
2024-05-17T15:35:03.107 DEBUG --- [  MainThread] stevedore.extension        : found extension EntryPoint(name='register_pods_api', value='localstack_ext.persistence.plugins:register_pods_api', group='localstack.hooks.on_infra_start')
2024-05-17T15:35:03.107 DEBUG --- [  MainThread] stevedore.extension        : found extension EntryPoint(name='register_state_serializer_handlers', value='localstack_ext.persistence.plugins:register_state_serializer_handlers', group='localstack.hooks.on_infra_start')
2024-05-17T15:35:03.107 DEBUG --- [  MainThread] stevedore.extension        : found extension EntryPoint(name='setup_pro_infra', value='localstack_ext.plugins:setup_pro_infra', group='localstack.hooks.on_infra_start')
2024-05-17T15:35:03.107 DEBUG --- [  MainThread] plugin.manager             : instantiating plugin PluginSpec(localstack.hooks.on_infra_start.patch_get_account_id = <function patch_get_account_id at 0x7f3220bbb010>)
2024-05-17T15:35:03.107 DEBUG --- [  MainThread] plugin.manager             : loading plugin localstack.hooks.on_infra_start:patch_get_account_id
2024-05-17T15:35:03.107 DEBUG --- [  MainThread] plugin.manager             : instantiating plugin PluginSpec(localstack.hooks.on_infra_start.register_partition_adjusting_proxy_listener = <function register_partition_adjusting_proxy_listener at 0x7f3220543010>)
2024-05-17T15:35:03.107 DEBUG --- [  MainThread] plugin.manager             : plugin localstack.hooks.on_infra_start:register_partition_adjusting_proxy_listener is disabled
2024-05-17T15:35:03.108 DEBUG --- [  MainThread] plugin.manager             : instantiating plugin PluginSpec(localstack.hooks.on_infra_start.add_aws_request_logger = <function add_aws_request_logger at 0x7f3220543370>)
2024-05-17T15:35:03.108 DEBUG --- [  MainThread] plugin.manager             : plugin localstack.hooks.on_infra_start:add_aws_request_logger is disabled
2024-05-17T15:35:03.108 DEBUG --- [  MainThread] plugin.manager             : instantiating plugin PluginSpec(localstack.hooks.on_infra_start.add_custom_edge_routes = <function add_custom_edge_routes at 0x7f322037bbe0>)
2024-05-17T15:35:03.108 DEBUG --- [  MainThread] plugin.manager             : plugin localstack.hooks.on_infra_start:add_custom_edge_routes is disabled
2024-05-17T15:35:03.108 DEBUG --- [  MainThread] plugin.manager             : instantiating plugin PluginSpec(localstack.hooks.on_infra_start.add_iam_enforcement_listener = <function add_iam_enforcement_listener at 0x7f322038ce50>)
2024-05-17T15:35:03.108 DEBUG --- [  MainThread] plugin.manager             : plugin localstack.hooks.on_infra_start:add_iam_enforcement_listener is disabled
2024-05-17T15:35:03.108 DEBUG --- [  MainThread] plugin.manager             : instantiating plugin PluginSpec(localstack.hooks.on_infra_start.add_legacy_iam_enforcement_listener = <function add_legacy_iam_enforcement_listener at 0x7f322038cca0>)
2024-05-17T15:35:03.108 DEBUG --- [  MainThread] plugin.manager             : plugin localstack.hooks.on_infra_start:add_legacy_iam_enforcement_listener is disabled
2024-05-17T15:35:03.108 DEBUG --- [  MainThread] plugin.manager             : instantiating plugin PluginSpec(localstack.hooks.on_infra_start.extensions_on_infra_start = <function extensions_on_infra_start at 0x7f322038d1b0>)
2024-05-17T15:35:03.108 DEBUG --- [  MainThread] plugin.manager             : plugin localstack.hooks.on_infra_start:extensions_on_infra_start is disabled
2024-05-17T15:35:03.108 DEBUG --- [  MainThread] plugin.manager             : instantiating plugin PluginSpec(localstack.hooks.on_infra_start.patch_account_id_resolver = <function patch_account_id_resolver at 0x7f322037be20>)
2024-05-17T15:35:03.108 DEBUG --- [  MainThread] plugin.manager             : plugin localstack.hooks.on_infra_start:patch_account_id_resolver is disabled
2024-05-17T15:35:03.108 DEBUG --- [  MainThread] plugin.manager             : instantiating plugin PluginSpec(localstack.hooks.on_infra_start.patch_get_account_id_from_access_key_id = <function patch_get_account_id_from_access_key_id at 0x7f322037bf40>)
2024-05-17T15:35:03.108 DEBUG --- [  MainThread] plugin.manager             : plugin localstack.hooks.on_infra_start:patch_get_account_id_from_access_key_id is disabled
2024-05-17T15:35:03.108 DEBUG --- [  MainThread] plugin.manager             : instantiating plugin PluginSpec(localstack.hooks.on_infra_start.patch_moto_backend_dict = <function patch_moto_backend_dict at 0x7f322037bd00>)
2024-05-17T15:35:03.108 DEBUG --- [  MainThread] plugin.manager             : plugin localstack.hooks.on_infra_start:patch_moto_backend_dict is disabled
2024-05-17T15:35:03.108 DEBUG --- [  MainThread] plugin.manager             : instantiating plugin PluginSpec(localstack.hooks.on_infra_start.register_pods_api = <function register_pods_api at 0x7f322038d630>)
2024-05-17T15:35:03.108 DEBUG --- [  MainThread] plugin.manager             : plugin localstack.hooks.on_infra_start:register_pods_api is disabled
2024-05-17T15:35:03.108 DEBUG --- [  MainThread] plugin.manager             : instantiating plugin PluginSpec(localstack.hooks.on_infra_start.register_state_serializer_handlers = <function register_state_serializer_handlers at 0x7f322038d750>)
2024-05-17T15:35:03.108 DEBUG --- [  MainThread] plugin.manager             : plugin localstack.hooks.on_infra_start:register_state_serializer_handlers is disabled
2024-05-17T15:35:03.108 DEBUG --- [  MainThread] plugin.manager             : instantiating plugin PluginSpec(localstack.hooks.on_infra_start.setup_pro_infra = <function setup_pro_infra at 0x7f322038c550>)
2024-05-17T15:35:03.108 DEBUG --- [  MainThread] plugin.manager             : plugin localstack.hooks.on_infra_start:setup_pro_infra is disabled
2024-05-17T15:35:03.140 DEBUG --- [d-3 (worker)] l.services.install         : getting kinesis-mock for linux x86_64
2024-05-17T15:35:03.140 DEBUG --- [d-3 (worker)] l.services.install         : kinesis-mock found at /usr/lib/localstack/kinesis-mock/kinesis-mock-linux-amd64-static
2024-05-17T15:35:03.141 DEBUG --- [d-4 (worker)] localstack.utils.run       : Executing command: ['zip', '-u', 'DynamoDBLocal.jar', 'log4j2.xml']
2024-05-17T15:35:03.178 DEBUG --- [d-4 (worker)] localstack.utils.run       : Executing command: ['unzip', '-o', 'DynamoDBLocal.jar', 'META-INF/MANIFEST.MF']
2024-05-17T15:35:03.238  WARN --- [  Thread-105] l.services.internal        : Enabling diagnose endpoint, please be aware that this can expose sensitive information via your network.
2024-05-17T15:35:03.243 DEBUG --- [  Thread-105] l.bootstrap.install        : Using cached SSL certificate (less than 6hrs since last update).
2024-05-17T15:35:03.256  WARN --- [  Thread-106] hypercorn.error            : ASGI Framework Lifespan error, continuing without Lifespan support
2024-05-17T15:35:03.256  WARN --- [  Thread-106] hypercorn.error            : ASGI Framework Lifespan error, continuing without Lifespan support
2024-05-17T15:35:03.261  INFO --- [  Thread-106] hypercorn.error            : Running on https://0.0.0.0:4566 (CTRL + C to quit)
2024-05-17T15:35:03.261  INFO --- [  Thread-106] hypercorn.error            : Running on https://0.0.0.0:4566 (CTRL + C to quit)
2024-05-17T15:35:03.516 DEBUG --- [  MainThread] stevedore.extension        : found extension EntryPoint(name='acm:default', value='localstack.services.providers:acm', group='localstack.aws.provider')
2024-05-17T15:35:03.519 DEBUG --- [  MainThread] stevedore.extension        : found extension EntryPoint(name='apigateway:default', value='localstack.services.providers:apigateway_asf', group='localstack.aws.provider')
2024-05-17T15:35:03.519 DEBUG --- [  MainThread] stevedore.extension        : found extension EntryPoint(name='apigateway:legacy', value='localstack.services.providers:apigateway_legacy', group='localstack.aws.provider')
2024-05-17T15:35:03.519 DEBUG --- [  MainThread] stevedore.extension        : found extension EntryPoint(name='cloudformation:default', value='localstack.services.providers:cloudformation', group='localstack.aws.provider')
2024-05-17T15:35:03.519 DEBUG --- [  MainThread] stevedore.extension        : found extension EntryPoint(name='cloudwatch:default', value='localstack.services.providers:cloudwatch', group='localstack.aws.provider')
2024-05-17T15:35:03.519 DEBUG --- [  MainThread] stevedore.extension        : found extension EntryPoint(name='config:default', value='localstack.services.providers:awsconfig', group='localstack.aws.provider')
2024-05-17T15:35:03.519 DEBUG --- [  MainThread] stevedore.extension        : found extension EntryPoint(name='dynamodb:default', value='localstack.services.providers:dynamodb', group='localstack.aws.provider')
2024-05-17T15:35:03.519 DEBUG --- [  MainThread] stevedore.extension        : found extension EntryPoint(name='dynamodbstreams:default', value='localstack.services.providers:dynamodbstreams', group='localstack.aws.provider')
2024-05-17T15:35:03.519 DEBUG --- [  MainThread] stevedore.extension        : found extension EntryPoint(name='ec2:default', value='localstack.services.providers:ec2', group='localstack.aws.provider')
2024-05-17T15:35:03.519 DEBUG --- [  MainThread] stevedore.extension        : found extension EntryPoint(name='es:default', value='localstack.services.providers:es', group='localstack.aws.provider')
2024-05-17T15:35:03.519 DEBUG --- [  MainThread] stevedore.extension        : found extension EntryPoint(name='events:default', value='localstack.services.providers:events', group='localstack.aws.provider')
2024-05-17T15:35:03.519 DEBUG --- [  MainThread] stevedore.extension        : found extension EntryPoint(name='firehose:default', value='localstack.services.providers:firehose', group='localstack.aws.provider')
2024-05-17T15:35:03.520 DEBUG --- [  MainThread] stevedore.extension        : found extension EntryPoint(name='iam:default', value='localstack.services.providers:iam', group='localstack.aws.provider')
2024-05-17T15:35:03.520 DEBUG --- [  MainThread] stevedore.extension        : found extension EntryPoint(name='kinesis:default', value='localstack.services.providers:kinesis', group='localstack.aws.provider')
2024-05-17T15:35:03.520 DEBUG --- [  MainThread] stevedore.extension        : found extension EntryPoint(name='kms:default', value='localstack.services.providers:kms', group='localstack.aws.provider')
2024-05-17T15:35:03.520 DEBUG --- [  MainThread] stevedore.extension        : found extension EntryPoint(name='lambda:asf', value='localstack.services.providers:awslambda_asf', group='localstack.aws.provider')
2024-05-17T15:35:03.520 DEBUG --- [  MainThread] stevedore.extension        : found extension EntryPoint(name='lambda:default', value='localstack.services.providers:awslambda', group='localstack.aws.provider')
2024-05-17T15:35:03.520 DEBUG --- [  MainThread] stevedore.extension        : found extension EntryPoint(name='logs:default', value='localstack.services.providers:logs', group='localstack.aws.provider')
2024-05-17T15:35:03.520 DEBUG --- [  MainThread] stevedore.extension        : found extension EntryPoint(name='opensearch:default', value='localstack.services.providers:opensearch', group='localstack.aws.provider')
2024-05-17T15:35:03.520 DEBUG --- [  MainThread] stevedore.extension        : found extension EntryPoint(name='redshift:default', value='localstack.services.providers:redshift', group='localstack.aws.provider')
2024-05-17T15:35:03.520 DEBUG --- [  MainThread] stevedore.extension        : found extension EntryPoint(name='resource-groups:default', value='localstack.services.providers:resource_groups', group='localstack.aws.provider')
2024-05-17T15:35:03.520 DEBUG --- [  MainThread] stevedore.extension        : found extension EntryPoint(name='resourcegroupstaggingapi:default', value='localstack.services.providers:resourcegroupstaggingapi', group='localstack.aws.provider')
2024-05-17T15:35:03.520 DEBUG --- [  MainThread] stevedore.extension        : found extension EntryPoint(name='route53:default', value='localstack.services.providers:route53', group='localstack.aws.provider')
2024-05-17T15:35:03.520 DEBUG --- [  MainThread] stevedore.extension        : found extension EntryPoint(name='route53resolver:default', value='localstack.services.providers:route53resolver', group='localstack.aws.provider')
2024-05-17T15:35:03.520 DEBUG --- [  MainThread] stevedore.extension        : found extension EntryPoint(name='s3:default', value='localstack.services.providers:s3', group='localstack.aws.provider')
2024-05-17T15:35:03.520 DEBUG --- [  MainThread] stevedore.extension        : found extension EntryPoint(name='s3control:default', value='localstack.services.providers:s3control', group='localstack.aws.provider')
2024-05-17T15:35:03.521 DEBUG --- [  MainThread] stevedore.extension        : found extension EntryPoint(name='secretsmanager:default', value='localstack.services.providers:secretsmanager', group='localstack.aws.provider')
2024-05-17T15:35:03.521 DEBUG --- [  MainThread] stevedore.extension        : found extension EntryPoint(name='ses:default', value='localstack.services.providers:ses', group='localstack.aws.provider')
2024-05-17T15:35:03.521 DEBUG --- [  MainThread] stevedore.extension        : found extension EntryPoint(name='sns:default', value='localstack.services.providers:sns', group='localstack.aws.provider')
2024-05-17T15:35:03.521 DEBUG --- [  MainThread] stevedore.extension        : found extension EntryPoint(name='sqs:default', value='localstack.services.providers:sqs', group='localstack.aws.provider')
2024-05-17T15:35:03.521 DEBUG --- [  MainThread] stevedore.extension        : found extension EntryPoint(name='sqs:legacy', value='localstack.services.providers:sqs_legacy', group='localstack.aws.provider')
2024-05-17T15:35:03.521 DEBUG --- [  MainThread] stevedore.extension        : found extension EntryPoint(name='ssm:default', value='localstack.services.providers:ssm', group='localstack.aws.provider')
2024-05-17T15:35:03.521 DEBUG --- [  MainThread] stevedore.extension        : found extension EntryPoint(name='stepfunctions:default', value='localstack.services.providers:stepfunctions', group='localstack.aws.provider')
2024-05-17T15:35:03.521 DEBUG --- [  MainThread] stevedore.extension        : found extension EntryPoint(name='sts:default', value='localstack.services.providers:sts', group='localstack.aws.provider')
2024-05-17T15:35:03.521 DEBUG --- [  MainThread] stevedore.extension        : found extension EntryPoint(name='support:default', value='localstack.services.providers:support', group='localstack.aws.provider')
2024-05-17T15:35:03.521 DEBUG --- [  MainThread] stevedore.extension        : found extension EntryPoint(name='swf:default', value='localstack.services.providers:swf', group='localstack.aws.provider')
2024-05-17T15:35:03.521 DEBUG --- [  MainThread] stevedore.extension        : found extension EntryPoint(name='amplify:pro', value='localstack_ext.providers:amplify', group='localstack.aws.provider')
2024-05-17T15:35:03.522 DEBUG --- [  MainThread] stevedore.extension        : found extension EntryPoint(name='apigateway:legacy_pro', value='localstack_ext.providers:apigateway_legacy', group='localstack.aws.provider')
2024-05-17T15:35:03.522 DEBUG --- [  MainThread] stevedore.extension        : found extension EntryPoint(name='apigateway:pro', value='localstack_ext.providers:apigateway', group='localstack.aws.provider')
2024-05-17T15:35:03.523 DEBUG --- [  MainThread] stevedore.extension        : found extension EntryPoint(name='apigatewaymanagementapi:pro', value='localstack_ext.providers:apigatewaymanagementapi', group='localstack.aws.provider')
2024-05-17T15:35:03.523 DEBUG --- [  MainThread] stevedore.extension        : found extension EntryPoint(name='apigatewayv2:legacy_pro', value='localstack_ext.providers:apigatewayv2_legacy', group='localstack.aws.provider')
2024-05-17T15:35:03.523 DEBUG --- [  MainThread] stevedore.extension        : found extension EntryPoint(name='apigatewayv2:pro', value='localstack_ext.providers:apigatewayv2', group='localstack.aws.provider')
2024-05-17T15:35:03.523 DEBUG --- [  MainThread] stevedore.extension        : found extension EntryPoint(name='appconfig:pro', value='localstack_ext.providers:appconfig', group='localstack.aws.provider')
2024-05-17T15:35:03.523 DEBUG --- [  MainThread] stevedore.extension        : found extension EntryPoint(name='application-autoscaling:pro', value='localstack_ext.providers:application_autoscaling', group='localstack.aws.provider')
2024-05-17T15:35:03.523 DEBUG --- [  MainThread] stevedore.extension        : found extension EntryPoint(name='appsync:pro', value='localstack_ext.providers:appsync', group='localstack.aws.provider')
2024-05-17T15:35:03.523 DEBUG --- [  MainThread] stevedore.extension        : found extension EntryPoint(name='athena:pro', value='localstack_ext.providers:athena', group='localstack.aws.provider')
2024-05-17T15:35:03.523 DEBUG --- [  MainThread] stevedore.extension        : found extension EntryPoint(name='autoscaling:pro', value='localstack_ext.providers:autoscaling', group='localstack.aws.provider')
2024-05-17T15:35:03.523 DEBUG --- [  MainThread] stevedore.extension        : found extension EntryPoint(name='azure:pro', value='localstack_ext.providers:azure', group='localstack.aws.provider')
2024-05-17T15:35:03.523 DEBUG --- [  MainThread] stevedore.extension        : found extension EntryPoint(name='backup:pro', value='localstack_ext.providers:backup', group='localstack.aws.provider')
2024-05-17T15:35:03.523 DEBUG --- [  MainThread] stevedore.extension        : found extension EntryPoint(name='batch:pro', value='localstack_ext.providers:batch', group='localstack.aws.provider')
2024-05-17T15:35:03.523 DEBUG --- [  MainThread] stevedore.extension        : found extension EntryPoint(name='ce:pro', value='localstack_ext.providers:ce', group='localstack.aws.provider')
2024-05-17T15:35:03.523 DEBUG --- [  MainThread] stevedore.extension        : found extension EntryPoint(name='cloudformation:pro', value='localstack_ext.providers:cloudformation', group='localstack.aws.provider')
2024-05-17T15:35:03.523 DEBUG --- [  MainThread] stevedore.extension        : found extension EntryPoint(name='cloudfront:pro', value='localstack_ext.providers:cloudfront', group='localstack.aws.provider')
2024-05-17T15:35:03.524 DEBUG --- [  MainThread] stevedore.extension        : found extension EntryPoint(name='cloudtrail:pro', value='localstack_ext.providers:cloudtrail', group='localstack.aws.provider')
2024-05-17T15:35:03.524 DEBUG --- [  MainThread] stevedore.extension        : found extension EntryPoint(name='codecommit:pro', value='localstack_ext.providers:codecommit', group='localstack.aws.provider')
2024-05-17T15:35:03.524 DEBUG --- [  MainThread] stevedore.extension        : found extension EntryPoint(name='cognito-identity:pro', value='localstack_ext.providers:cognito_identity', group='localstack.aws.provider')
2024-05-17T15:35:03.524 DEBUG --- [  MainThread] stevedore.extension        : found extension EntryPoint(name='cognito-idp:pro', value='localstack_ext.providers:cognito_idp', group='localstack.aws.provider')
2024-05-17T15:35:03.524 DEBUG --- [  MainThread] stevedore.extension        : found extension EntryPoint(name='docdb:pro', value='localstack_ext.providers:docdb', group='localstack.aws.provider')
2024-05-17T15:35:03.524 DEBUG --- [  MainThread] stevedore.extension        : found extension EntryPoint(name='dynamodb:pro', value='localstack_ext.providers:dynamodb', group='localstack.aws.provider')
2024-05-17T15:35:03.524 DEBUG --- [  MainThread] stevedore.extension        : found extension EntryPoint(name='dynamodbstreams:pro', value='localstack_ext.providers:dynamodbstreams', group='localstack.aws.provider')
2024-05-17T15:35:03.524 DEBUG --- [  MainThread] stevedore.extension        : found extension EntryPoint(name='ec2:pro', value='localstack_ext.providers:ec2', group='localstack.aws.provider')
2024-05-17T15:35:03.524 DEBUG --- [  MainThread] stevedore.extension        : found extension EntryPoint(name='ecr:pro', value='localstack_ext.providers:ecr', group='localstack.aws.provider')
2024-05-17T15:35:03.524 DEBUG --- [  MainThread] stevedore.extension        : found extension EntryPoint(name='ecs:pro', value='localstack_ext.providers:ecs', group='localstack.aws.provider')
2024-05-17T15:35:03.524 DEBUG --- [  MainThread] stevedore.extension        : found extension EntryPoint(name='efs:pro', value='localstack_ext.providers:efs', group='localstack.aws.provider')
2024-05-17T15:35:03.524 DEBUG --- [  MainThread] stevedore.extension        : found extension EntryPoint(name='eks:mock', value='localstack_ext.providers:eks_mock', group='localstack.aws.provider')
2024-05-17T15:35:03.524 DEBUG --- [  MainThread] stevedore.extension        : found extension EntryPoint(name='eks:pro', value='localstack_ext.providers:eks', group='localstack.aws.provider')
2024-05-17T15:35:03.524 DEBUG --- [  MainThread] stevedore.extension        : found extension EntryPoint(name='elasticache:pro', value='localstack_ext.providers:elasticache', group='localstack.aws.provider')
2024-05-17T15:35:03.524 DEBUG --- [  MainThread] stevedore.extension        : found extension EntryPoint(name='elasticbeanstalk:pro', value='localstack_ext.providers:elasticbeanstalk', group='localstack.aws.provider')
2024-05-17T15:35:03.524 DEBUG --- [  MainThread] stevedore.extension        : found extension EntryPoint(name='elb:pro', value='localstack_ext.providers:elb', group='localstack.aws.provider')
2024-05-17T15:35:03.525 DEBUG --- [  MainThread] stevedore.extension        : found extension EntryPoint(name='elbv2:pro', value='localstack_ext.providers:elbv2', group='localstack.aws.provider')
2024-05-17T15:35:03.525 DEBUG --- [  MainThread] stevedore.extension        : found extension EntryPoint(name='emr:pro', value='localstack_ext.providers:emr', group='localstack.aws.provider')
2024-05-17T15:35:03.525 DEBUG --- [  MainThread] stevedore.extension        : found extension EntryPoint(name='events:pro', value='localstack_ext.providers:events', group='localstack.aws.provider')
2024-05-17T15:35:03.525 DEBUG --- [  MainThread] stevedore.extension        : found extension EntryPoint(name='glacier:pro', value='localstack_ext.providers:glacier', group='localstack.aws.provider')
2024-05-17T15:35:03.525 DEBUG --- [  MainThread] stevedore.extension        : found extension EntryPoint(name='glue:pro', value='localstack_ext.providers:glue', group='localstack.aws.provider')
2024-05-17T15:35:03.525 DEBUG --- [  MainThread] stevedore.extension        : found extension EntryPoint(name='iam:pro', value='localstack_ext.providers:iam', group='localstack.aws.provider')
2024-05-17T15:35:03.525 DEBUG --- [  MainThread] stevedore.extension        : found extension EntryPoint(name='iot-data:pro', value='localstack_ext.providers:iot_data', group='localstack.aws.provider')
2024-05-17T15:35:03.525 DEBUG --- [  MainThread] stevedore.extension        : found extension EntryPoint(name='iot:pro', value='localstack_ext.providers:iot', group='localstack.aws.provider')
2024-05-17T15:35:03.525 DEBUG --- [  MainThread] stevedore.extension        : found extension EntryPoint(name='iotanalytics:pro', value='localstack_ext.providers:iotanalytics', group='localstack.aws.provider')
2024-05-17T15:35:03.525 DEBUG --- [  MainThread] stevedore.extension        : found extension EntryPoint(name='iotwireless:pro', value='localstack_ext.providers:iotwireless', group='localstack.aws.provider')
2024-05-17T15:35:03.525 DEBUG --- [  MainThread] stevedore.extension        : found extension EntryPoint(name='kafka:pro', value='localstack_ext.providers:kafka', group='localstack.aws.provider')
2024-05-17T15:35:03.525 DEBUG --- [  MainThread] stevedore.extension        : found extension EntryPoint(name='kinesis:pro', value='localstack_ext.providers:kinesis', group='localstack.aws.provider')
2024-05-17T15:35:03.525 DEBUG --- [  MainThread] stevedore.extension        : found extension EntryPoint(name='kinesisanalytics:pro', value='localstack_ext.providers:kinesisanalytics', group='localstack.aws.provider')
2024-05-17T15:35:03.526 DEBUG --- [  MainThread] stevedore.extension        : found extension EntryPoint(name='kinesisanalyticsv2:pro', value='localstack_ext.providers:kinesisanalyticsv2', group='localstack.aws.provider')
2024-05-17T15:35:03.526 DEBUG --- [  MainThread] stevedore.extension        : found extension EntryPoint(name='kms:pro', value='localstack_ext.providers:kms', group='localstack.aws.provider')
2024-05-17T15:35:03.526 DEBUG --- [  MainThread] stevedore.extension        : found extension EntryPoint(name='lakeformation:pro', value='localstack_ext.providers:lakeformation', group='localstack.aws.provider')
2024-05-17T15:35:03.526 DEBUG --- [  MainThread] stevedore.extension        : found extension EntryPoint(name='lambda:pro', value='localstack_ext.providers:awslambda', group='localstack.aws.provider')
2024-05-17T15:35:03.526 DEBUG --- [  MainThread] stevedore.extension        : found extension EntryPoint(name='logs:pro', value='localstack_ext.providers:logs', group='localstack.aws.provider')
2024-05-17T15:35:03.526 DEBUG --- [  MainThread] stevedore.extension        : found extension EntryPoint(name='mediastore-data:pro', value='localstack_ext.providers:mediastore_data', group='localstack.aws.provider')
2024-05-17T15:35:03.526 DEBUG --- [  MainThread] stevedore.extension        : found extension EntryPoint(name='mediastore:pro', value='localstack_ext.providers:mediastore', group='localstack.aws.provider')
2024-05-17T15:35:03.526 DEBUG --- [  MainThread] stevedore.extension        : found extension EntryPoint(name='mwaa:pro', value='localstack_ext.providers:mwaa', group='localstack.aws.provider')
2024-05-17T15:35:03.526 DEBUG --- [  MainThread] stevedore.extension        : found extension EntryPoint(name='neptune:pro', value='localstack_ext.providers:neptune', group='localstack.aws.provider')
2024-05-17T15:35:03.526 DEBUG --- [  MainThread] stevedore.extension        : found extension EntryPoint(name='opensearch:pro', value='localstack_ext.providers:opensearch', group='localstack.aws.provider')
2024-05-17T15:35:03.526 DEBUG --- [  MainThread] stevedore.extension        : found extension EntryPoint(name='organizations:pro', value='localstack_ext.providers:organizations', group='localstack.aws.provider')
2024-05-17T15:35:03.526 DEBUG --- [  MainThread] stevedore.extension        : found extension EntryPoint(name='qldb-session:pro', value='localstack_ext.providers:qldb_session', group='localstack.aws.provider')
2024-05-17T15:35:03.526 DEBUG --- [  MainThread] stevedore.extension        : found extension EntryPoint(name='qldb:pro', value='localstack_ext.providers:qldb', group='localstack.aws.provider')
2024-05-17T15:35:03.526 DEBUG --- [  MainThread] stevedore.extension        : found extension EntryPoint(name='rds-data:pro', value='localstack_ext.providers:rds_data', group='localstack.aws.provider')
2024-05-17T15:35:03.527 DEBUG --- [  MainThread] stevedore.extension        : found extension EntryPoint(name='rds:pro', value='localstack_ext.providers:rds', group='localstack.aws.provider')
2024-05-17T15:35:03.527 DEBUG --- [  MainThread] stevedore.extension        : found extension EntryPoint(name='redshift-data:pro', value='localstack_ext.providers:redshift_data', group='localstack.aws.provider')
2024-05-17T15:35:03.527 DEBUG --- [  MainThread] stevedore.extension        : found extension EntryPoint(name='redshift:pro', value='localstack_ext.providers:redshift', group='localstack.aws.provider')
2024-05-17T15:35:03.527 DEBUG --- [  MainThread] stevedore.extension        : found extension EntryPoint(name='route53:pro', value='localstack_ext.providers:route53', group='localstack.aws.provider')
2024-05-17T15:35:03.527 DEBUG --- [  MainThread] stevedore.extension        : found extension EntryPoint(name='s3:pro', value='localstack_ext.providers:s3', group='localstack.aws.provider')
2024-05-17T15:35:03.527 DEBUG --- [  MainThread] stevedore.extension        : found extension EntryPoint(name='sagemaker:pro', value='localstack_ext.providers:sagemaker', group='localstack.aws.provider')
2024-05-17T15:35:03.527 DEBUG --- [  MainThread] stevedore.extension        : found extension EntryPoint(name='secretsmanager:pro', value='localstack_ext.providers:secretsmanager', group='localstack.aws.provider')
2024-05-17T15:35:03.527 DEBUG --- [  MainThread] stevedore.extension        : found extension EntryPoint(name='serverlessrepo:pro', value='localstack_ext.providers:serverlessrepo', group='localstack.aws.provider')
2024-05-17T15:35:03.527 DEBUG --- [  MainThread] stevedore.extension        : found extension EntryPoint(name='servicediscovery:pro', value='localstack_ext.providers:servicediscovery', group='localstack.aws.provider')
2024-05-17T15:35:03.527 DEBUG --- [  MainThread] stevedore.extension        : found extension EntryPoint(name='ses:pro', value='localstack_ext.providers:ses', group='localstack.aws.provider')
2024-05-17T15:35:03.527 DEBUG --- [  MainThread] stevedore.extension        : found extension EntryPoint(name='sesv2:pro', value='localstack_ext.providers:sesv2', group='localstack.aws.provider')
2024-05-17T15:35:03.527 DEBUG --- [  MainThread] stevedore.extension        : found extension EntryPoint(name='sns:pro', value='localstack_ext.providers:sns', group='localstack.aws.provider')
2024-05-17T15:35:03.527 DEBUG --- [  MainThread] stevedore.extension        : found extension EntryPoint(name='sqs:legacy_pro', value='localstack_ext.providers:sqs_legacy', group='localstack.aws.provider')
2024-05-17T15:35:03.527 DEBUG --- [  MainThread] stevedore.extension        : found extension EntryPoint(name='sqs:pro', value='localstack_ext.providers:sqs', group='localstack.aws.provider')
2024-05-17T15:35:03.528 DEBUG --- [  MainThread] stevedore.extension        : found extension EntryPoint(name='ssm:pro', value='localstack_ext.providers:ssm', group='localstack.aws.provider')
2024-05-17T15:35:03.528 DEBUG --- [  MainThread] stevedore.extension        : found extension EntryPoint(name='stepfunctions:pro', value='localstack_ext.providers:stepfunctions', group='localstack.aws.provider')
2024-05-17T15:35:03.528 DEBUG --- [  MainThread] stevedore.extension        : found extension EntryPoint(name='sts:pro', value='localstack_ext.providers:sts', group='localstack.aws.provider')
2024-05-17T15:35:03.528 DEBUG --- [  MainThread] stevedore.extension        : found extension EntryPoint(name='timestream-query:pro', value='localstack_ext.providers:timestream_query', group='localstack.aws.provider')
2024-05-17T15:35:03.528 DEBUG --- [  MainThread] stevedore.extension        : found extension EntryPoint(name='timestream-write:pro', value='localstack_ext.providers:timestream_write', group='localstack.aws.provider')
2024-05-17T15:35:03.528 DEBUG --- [  MainThread] stevedore.extension        : found extension EntryPoint(name='transfer:pro', value='localstack_ext.providers:transfer', group='localstack.aws.provider')
2024-05-17T15:35:03.528 DEBUG --- [  MainThread] stevedore.extension        : found extension EntryPoint(name='xray:pro', value='localstack_ext.providers:xray', group='localstack.aws.provider')
2024-05-17T15:35:03.529 DEBUG --- [  MainThread] stevedore.extension        : found extension EntryPoint(name='extensions_on_infra_ready', value='localstack_ext.extensions.plugins:extensions_on_infra_ready', group='localstack.hooks.on_infra_ready')
2024-05-17T15:35:03.529 DEBUG --- [  MainThread] stevedore.extension        : found extension EntryPoint(name='initialize_health_info', value='localstack_ext.plugins:initialize_health_info', group='localstack.hooks.on_infra_ready')
2024-05-17T15:35:03.529 DEBUG --- [  MainThread] plugin.manager             : instantiating plugin PluginSpec(localstack.hooks.on_infra_ready.extensions_on_infra_ready = <function extensions_on_infra_ready at 0x7f322038d2d0>)
2024-05-17T15:35:03.529 DEBUG --- [  MainThread] plugin.manager             : plugin localstack.hooks.on_infra_ready:extensions_on_infra_ready is disabled
2024-05-17T15:35:03.529 DEBUG --- [  MainThread] plugin.manager             : instantiating plugin PluginSpec(localstack.hooks.on_infra_ready.initialize_health_info = <function initialize_health_info at 0x7f322038c790>)
2024-05-17T15:35:03.529 DEBUG --- [  MainThread] plugin.manager             : plugin localstack.hooks.on_infra_ready:initialize_health_info is disabled
2024-05-17T15:35:09.003 DEBUG --- [   asgi_gw_0] plugin.manager             : instantiating plugin PluginSpec(localstack.aws.provider.sqs:default = <function sqs at 0x7f321f221240>)
2024-05-17T15:35:09.003 DEBUG --- [   asgi_gw_0] plugin.manager             : loading plugin localstack.aws.provider:sqs:default
2024-05-17T15:35:09.013 DEBUG --- [   asgi_gw_0] l.services.plugins         : checking service health sqs:4566
2024-05-17T15:35:09.014 DEBUG --- [   asgi_gw_0] l.services.sqs.provider    : creating queue key=keycloak-event-listener-queue attributes=None tags=None
2024-05-17T15:35:09.015  INFO --- [   asgi_gw_0] localstack.request.aws     : AWS sqs.CreateQueue => 200
2024-05-17T15:46:24.168 ERROR --- [   asgi_gw_0] l.aws.handlers.logging     : exception during call chain
Traceback (most recent call last):
  File "/opt/code/localstack/localstack/aws/chain.py", line 57, in handle
    handler(self, self.context, response)
  File "/opt/code/localstack/localstack/aws/handlers/service.py", line 62, in __call__
    return self.parse_and_enrich(context)
  File "/opt/code/localstack/localstack/aws/handlers/service.py", line 75, in parse_and_enrich
    operation, instance = parser.parse(context.request)
  File "/opt/code/localstack/localstack/aws/protocol/parser.py", line 174, in wrapper
    return func(*args, **kwargs)
  File "/opt/code/localstack/localstack/aws/protocol/parser.py", line 367, in parse
    raise ProtocolParserError(
localstack.aws.protocol.parser.ProtocolParserError: Operation detection failed. Missing Action in request for query-protocol service ServiceModel(sqs).
2024-05-17T15:46:24.171  INFO --- [   asgi_gw_0] localstack.request.http    : POST /keycloak-event-listener-queue => 500
2024-05-17T15:46:24.245 ERROR --- [   asgi_gw_0] l.aws.handlers.logging     : exception during call chain
Traceback (most recent call last):
  File "/opt/code/localstack/localstack/aws/chain.py", line 57, in handle
    handler(self, self.context, response)
  File "/opt/code/localstack/localstack/aws/handlers/service.py", line 62, in __call__
    return self.parse_and_enrich(context)
  File "/opt/code/localstack/localstack/aws/handlers/service.py", line 75, in parse_and_enrich
    operation, instance = parser.parse(context.request)
  File "/opt/code/localstack/localstack/aws/protocol/parser.py", line 174, in wrapper
    return func(*args, **kwargs)
  File "/opt/code/localstack/localstack/aws/protocol/parser.py", line 367, in parse
    raise ProtocolParserError(
localstack.aws.protocol.parser.ProtocolParserError: Operation detection failed. Missing Action in request for query-protocol service ServiceModel(sqs).
2024-05-17T15:46:24.247  INFO --- [   asgi_gw_0] localstack.request.http    : POST /keycloak-event-listener-queue => 500
2024-05-17T15:46:24.296 ERROR --- [   asgi_gw_0] l.aws.handlers.logging     : exception during call chain
Traceback (most recent call last):
  File "/opt/code/localstack/localstack/aws/chain.py", line 57, in handle
    handler(self, self.context, response)
  File "/opt/code/localstack/localstack/aws/handlers/service.py", line 62, in __call__
    return self.parse_and_enrich(context)
  File "/opt/code/localstack/localstack/aws/handlers/service.py", line 75, in parse_and_enrich
    operation, instance = parser.parse(context.request)
  File "/opt/code/localstack/localstack/aws/protocol/parser.py", line 174, in wrapper
    return func(*args, **kwargs)
  File "/opt/code/localstack/localstack/aws/protocol/parser.py", line 367, in parse
    raise ProtocolParserError(
localstack.aws.protocol.parser.ProtocolParserError: Operation detection failed. Missing Action in request for query-protocol service ServiceModel(sqs).
2024-05-17T15:46:24.297  INFO --- [   asgi_gw_0] localstack.request.http    : POST /keycloak-event-listener-queue => 500
2024-05-17T15:46:24.342 ERROR --- [   asgi_gw_0] l.aws.handlers.logging     : exception during call chain
Traceback (most recent call last):
  File "/opt/code/localstack/localstack/aws/chain.py", line 57, in handle
    handler(self, self.context, response)
  File "/opt/code/localstack/localstack/aws/handlers/service.py", line 62, in __call__
    return self.parse_and_enrich(context)
  File "/opt/code/localstack/localstack/aws/handlers/service.py", line 75, in parse_and_enrich
    operation, instance = parser.parse(context.request)
  File "/opt/code/localstack/localstack/aws/protocol/parser.py", line 174, in wrapper
    return func(*args, **kwargs)
  File "/opt/code/localstack/localstack/aws/protocol/parser.py", line 367, in parse
    raise ProtocolParserError(
localstack.aws.protocol.parser.ProtocolParserError: Operation detection failed. Missing Action in request for query-protocol service ServiceModel(sqs).
2024-05-17T15:46:24.343  INFO --- [   asgi_gw_0] localstack.request.http    : POST /keycloak-event-listener-queue => 500
2024-05-17T15:50:40.042 ERROR --- [   asgi_gw_0] l.aws.handlers.logging     : exception during call chain
Traceback (most recent call last):
  File "/opt/code/localstack/localstack/aws/chain.py", line 57, in handle
    handler(self, self.context, response)
  File "/opt/code/localstack/localstack/aws/handlers/service.py", line 62, in __call__
    return self.parse_and_enrich(context)
  File "/opt/code/localstack/localstack/aws/handlers/service.py", line 75, in parse_and_enrich
    operation, instance = parser.parse(context.request)
  File "/opt/code/localstack/localstack/aws/protocol/parser.py", line 174, in wrapper
    return func(*args, **kwargs)
  File "/opt/code/localstack/localstack/aws/protocol/parser.py", line 367, in parse
    raise ProtocolParserError(
localstack.aws.protocol.parser.ProtocolParserError: Operation detection failed. Missing Action in request for query-protocol service ServiceModel(sqs).
2024-05-17T15:50:40.043  INFO --- [   asgi_gw_0] localstack.request.http    : POST /keycloak-event-listener-queue => 500
2024-05-17T15:50:40.145 ERROR --- [   asgi_gw_0] l.aws.handlers.logging     : exception during call chain
Traceback (most recent call last):
  File "/opt/code/localstack/localstack/aws/chain.py", line 57, in handle
    handler(self, self.context, response)
  File "/opt/code/localstack/localstack/aws/handlers/service.py", line 62, in __call__
    return self.parse_and_enrich(context)
  File "/opt/code/localstack/localstack/aws/handlers/service.py", line 75, in parse_and_enrich
    operation, instance = parser.parse(context.request)
  File "/opt/code/localstack/localstack/aws/protocol/parser.py", line 174, in wrapper
    return func(*args, **kwargs)
  File "/opt/code/localstack/localstack/aws/protocol/parser.py", line 367, in parse
    raise ProtocolParserError(
localstack.aws.protocol.parser.ProtocolParserError: Operation detection failed. Missing Action in request for query-protocol service ServiceModel(sqs).
2024-05-17T15:50:40.145  INFO --- [   asgi_gw_0] localstack.request.http    : POST /keycloak-event-listener-queue => 500
2024-05-17T15:50:40.186 ERROR --- [   asgi_gw_0] l.aws.handlers.logging     : exception during call chain
Traceback (most recent call last):
  File "/opt/code/localstack/localstack/aws/chain.py", line 57, in handle
    handler(self, self.context, response)
  File "/opt/code/localstack/localstack/aws/handlers/service.py", line 62, in __call__
    return self.parse_and_enrich(context)
  File "/opt/code/localstack/localstack/aws/handlers/service.py", line 75, in parse_and_enrich
    operation, instance = parser.parse(context.request)
  File "/opt/code/localstack/localstack/aws/protocol/parser.py", line 174, in wrapper
    return func(*args, **kwargs)
  File "/opt/code/localstack/localstack/aws/protocol/parser.py", line 367, in parse
    raise ProtocolParserError(
localstack.aws.protocol.parser.ProtocolParserError: Operation detection failed. Missing Action in request for query-protocol service ServiceModel(sqs).
2024-05-17T15:50:40.187  INFO --- [   asgi_gw_0] localstack.request.http    : POST /keycloak-event-listener-queue => 500
2024-05-17T15:50:40.421 ERROR --- [   asgi_gw_0] l.aws.handlers.logging     : exception during call chain
Traceback (most recent call last):
  File "/opt/code/localstack/localstack/aws/chain.py", line 57, in handle
    handler(self, self.context, response)
  File "/opt/code/localstack/localstack/aws/handlers/service.py", line 62, in __call__
    return self.parse_and_enrich(context)
  File "/opt/code/localstack/localstack/aws/handlers/service.py", line 75, in parse_and_enrich
    operation, instance = parser.parse(context.request)
  File "/opt/code/localstack/localstack/aws/protocol/parser.py", line 174, in wrapper
    return func(*args, **kwargs)
  File "/opt/code/localstack/localstack/aws/protocol/parser.py", line 367, in parse
    raise ProtocolParserError(
localstack.aws.protocol.parser.ProtocolParserError: Operation detection failed. Missing Action in request for query-protocol service ServiceModel(sqs).
2024-05-17T15:50:40.422  INFO --- [   asgi_gw_0] localstack.request.http    : POST /keycloak-event-listener-queue => 500
2024-05-17T15:51:44.494 DEBUG --- [  MainThread] localstack.services.infra  : [shutdown] signal received 15
2024-05-17T15:51:44.495 DEBUG --- [  MainThread] localstack.services.infra  : [shutdown] Cleaning up services ...
2024-05-17T15:51:44.496 DEBUG --- [  MainThread] localstack.services.infra  : [shutdown] Cleaning up resources ...
2024-05-17T15:51:44.496 DEBUG --- [  MainThread] localstack.utils.threads   : [shutdown] Done cleaning up threads / processes / tasks
2024-05-17T15:51:44.497 DEBUG --- [  MainThread] localstack.utils.run       : Executing command: rm -rf "/var/lib/localstack/tmp"
2024-05-17T15:51:44.506 DEBUG --- [  MainThread] localstack.services.infra  : [shutdown] Force shutdown, not waiting for infrastructure to shut down
